e:\учеба\диплом\all_metods\all_metods\x64\debug\all_metods.myform.resources
e:\учеба\диплом\all_metods\all_metods\x64\debug\vc140.pdb
e:\учеба\диплом\all_metods\all_metods\x64\debug\shenks.obj
e:\учеба\диплом\all_metods\all_metods\x64\debug\pollard.obj
e:\учеба\диплом\all_metods\all_metods\x64\debug\polig-helman.obj
e:\учеба\диплом\all_metods\all_metods\x64\debug\myform.obj
e:\учеба\диплом\all_metods\all_metods\x64\debug\index.obj
e:\учеба\диплом\all_metods\all_metods\x64\debug\functions.obj
e:\учеба\диплом\all_metods\all_metods\x64\debug\.netframework,version=v4.5.2.assemblyattributes.obj
e:\учеба\диплом\all_metods\all_metods\x64\debug\.netframework,version=v4.5.2.assemblyattributes.asm
e:\учеба\диплом\all_metods\all_metods\x64\debug\all_metods.vcxproj.generateresource.cache
e:\учеба\диплом\all_metods\all_metods\x64\debug\all_metods.vcxprojresolveassemblyreference.cache
e:\учеба\диплом\all_metods\x64\debug\all_metods.pdb
e:\учеба\диплом\all_metods\all_metods\x64\debug\all_metods.tlog\all_metods.write.1u.tlog
e:\учеба\диплом\all_metods\all_metods\x64\debug\all_metods.tlog\cl.command.1.tlog
e:\учеба\диплом\all_metods\all_metods\x64\debug\all_metods.tlog\cl.read.1.tlog
e:\учеба\диплом\all_metods\all_metods\x64\debug\all_metods.tlog\cl.write.1.tlog
e:\учеба\диплом\all_metods\all_metods\x64\debug\all_metods.tlog\link.16464.11696-cvtres.read.1.tlog
e:\учеба\диплом\all_metods\all_metods\x64\debug\all_metods.tlog\link.16464.11696-cvtres.write.1.tlog
e:\учеба\диплом\all_metods\all_metods\x64\debug\all_metods.tlog\link.16464.11696-rc.read.1.tlog
e:\учеба\диплом\all_metods\all_metods\x64\debug\all_metods.tlog\link.16464.11696-rc.write.1.tlog
e:\учеба\диплом\all_metods\all_metods\x64\debug\all_metods.tlog\link.16464.11696.read.1.tlog
e:\учеба\диплом\all_metods\all_metods\x64\debug\all_metods.tlog\link.16464.11696.write.1.tlog
e:\учеба\диплом\all_metods\all_metods\x64\debug\all_metods.tlog\link.16464.read.1.tlog
e:\учеба\диплом\all_metods\all_metods\x64\debug\all_metods.tlog\link.16464.write.1.tlog
e:\учеба\диплом\all_metods\all_metods\x64\debug\all_metods.tlog\link.command.1.tlog
e:\учеба\диплом\all_metods\all_metods\x64\debug\all_metods.tlog\link.read.1.tlog
e:\учеба\диплом\all_metods\all_metods\x64\debug\all_metods.tlog\link.write.1.tlog
e:\учеба\диплом\all_metods\all_metods\x64\debug\all_metods.tlog\metagen.read.1.tlog
e:\учеба\диплом\all_metods\all_metods\x64\debug\all_metods.tlog\metagen.write.1.tlog
e:\учеба\диплом\all_metods\all_metods\x64\debug\all_metods.tlog\tzres.dll.bi
